# Logfile created on 2014-07-28 08:08:56 +1000 by logger.rb/44203
I, [2014-07-28T08:08:56.966450 #833]  INFO -- : 0:  columnize (0.8.9) from /Users/vlad.ivanovic/.rvm/gems/ruby-2.1.0/specifications/columnize-0.8.9.gemspec
I, [2014-07-28T08:08:57.988070 #833]  INFO -- : 0:  debugger-linecache (1.2.0) from /Users/vlad.ivanovic/.rvm/gems/ruby-2.1.0/specifications/debugger-linecache-1.2.0.gemspec
I, [2014-07-28T08:09:01.306941 #833]  INFO -- : 0:  debugger-ruby_core_source (1.3.5) from /Users/vlad.ivanovic/.rvm/gems/ruby-2.1.0/specifications/debugger-ruby_core_source-1.3.5.gemspec
I, [2014-07-28T08:09:24.953275 #833]  INFO -- : 0:  debugger (1.6.8) from /Users/vlad.ivanovic/.rvm/gems/ruby-2.1.0/specifications/debugger-1.6.8.gemspec
I, [2014-07-28T08:09:24.953938 #833]  INFO -- : 0:  diff-lcs (1.2.5) from /Users/vlad.ivanovic/.rvm/gems/ruby-2.1.0/specifications/diff-lcs-1.2.5.gemspec
I, [2014-07-28T08:09:28.293541 #833]  INFO -- : 0:  unf_ext (0.0.6) from /Users/vlad.ivanovic/.rvm/gems/ruby-2.1.0/specifications/unf_ext-0.0.6.gemspec
I, [2014-07-28T08:09:29.457640 #833]  INFO -- : 0:  unf (0.1.4) from /Users/vlad.ivanovic/.rvm/gems/ruby-2.1.0/specifications/unf-0.1.4.gemspec
I, [2014-07-28T08:09:30.332608 #833]  INFO -- : 0:  domain_name (0.5.19) from /Users/vlad.ivanovic/.rvm/gems/ruby-2.1.0/specifications/domain_name-0.5.19.gemspec
I, [2014-07-28T08:09:31.202141 #833]  INFO -- : 0:  fakeweb (1.3.0) from /Users/vlad.ivanovic/.rvm/gems/ruby-2.1.0/specifications/fakeweb-1.3.0.gemspec
I, [2014-07-28T08:09:32.067048 #833]  INFO -- : 0:  http-cookie (1.0.2) from /Users/vlad.ivanovic/.rvm/gems/ruby-2.1.0/specifications/http-cookie-1.0.2.gemspec
I, [2014-07-28T08:09:32.067656 #833]  INFO -- : 0:  mime-types (2.3) from /Users/vlad.ivanovic/.rvm/gems/ruby-2.1.0/specifications/mime-types-2.3.gemspec
I, [2014-07-28T08:09:32.876554 #833]  INFO -- : 0:  net-http-digest_auth (1.4) from /Users/vlad.ivanovic/.rvm/gems/ruby-2.1.0/specifications/net-http-digest_auth-1.4.gemspec
I, [2014-07-28T08:09:33.715474 #833]  INFO -- : 0:  net-http-persistent (2.9.4) from /Users/vlad.ivanovic/.rvm/gems/ruby-2.1.0/specifications/net-http-persistent-2.9.4.gemspec
I, [2014-07-28T08:09:33.715928 #833]  INFO -- : 0:  mini_portile (0.6.0) from /Users/vlad.ivanovic/.rvm/gems/ruby-2.1.0/specifications/mini_portile-0.6.0.gemspec
I, [2014-07-28T08:10:45.576391 #833]  INFO -- : 0:  nokogiri (1.6.3.1) from /Users/vlad.ivanovic/.rvm/gems/ruby-2.1.0/specifications/nokogiri-1.6.3.1.gemspec
I, [2014-07-28T08:10:46.950311 #833]  INFO -- : 0:  ntlm-http (0.1.1) from /Users/vlad.ivanovic/.rvm/gems/ruby-2.1.0/specifications/ntlm-http-0.1.1.gemspec
I, [2014-07-28T08:10:47.801258 #833]  INFO -- : 0:  webrobots (0.1.1) from /Users/vlad.ivanovic/.rvm/gems/ruby-2.1.0/specifications/webrobots-0.1.1.gemspec
I, [2014-07-28T08:10:48.761224 #833]  INFO -- : 0:  mechanize (2.7.3) from /Users/vlad.ivanovic/.rvm/gems/ruby-2.1.0/specifications/mechanize-2.7.3.gemspec
I, [2014-07-28T08:10:49.712062 #833]  INFO -- : 0:  rspec-support (3.0.3) from /Users/vlad.ivanovic/.rvm/gems/ruby-2.1.0/specifications/rspec-support-3.0.3.gemspec
I, [2014-07-28T08:10:50.621681 #833]  INFO -- : 0:  rspec-core (3.0.3) from /Users/vlad.ivanovic/.rvm/gems/ruby-2.1.0/specifications/rspec-core-3.0.3.gemspec
I, [2014-07-28T08:10:51.560502 #833]  INFO -- : 0:  rspec-expectations (3.0.3) from /Users/vlad.ivanovic/.rvm/gems/ruby-2.1.0/specifications/rspec-expectations-3.0.3.gemspec
I, [2014-07-28T08:10:52.483987 #833]  INFO -- : 0:  rspec-mocks (3.0.3) from /Users/vlad.ivanovic/.rvm/gems/ruby-2.1.0/specifications/rspec-mocks-3.0.3.gemspec
I, [2014-07-28T08:10:53.339797 #833]  INFO -- : 0:  rspec (3.0.0) from /Users/vlad.ivanovic/.rvm/gems/ruby-2.1.0/specifications/rspec-3.0.0.gemspec
I, [2014-07-28T08:10:53.340156 #833]  INFO -- : 0:  bundler (1.5.1) from /Users/vlad.ivanovic/.rvm/gems/ruby-2.1.0@global/specifications/bundler-1.5.1.gemspec
